<!DOCTYPE html PUBLIC "-//W3C//DTD XHTML 1.1//EN" "https://www.w3.org/TR/xhtml11/DTD/xhtml11.dtd">
<html xmlns="https://www.w3.org/1999/xhtml">
<head>
<meta http-equiv="content-type" content="text/html; charset=UTF-8"/>
<title>TestNG Report</title>
<style type="text/css">table {margin-bottom:10px;border-collapse:collapse;empty-cells:show}th,td {border:1px solid #009;padding:.25em .5em}th {vertical-align:bottom}td {vertical-align:top}table a {font-weight:bold}.stripe td {background-color: #E6EBF9}.num {text-align:right}.passedodd td {background-color: #3F3}.passedeven td {background-color: #0A0}.skippedodd td {background-color: #DDD}.skippedeven td {background-color: #CCC}.failedodd td,.attn {background-color: #F33}.failedeven td,.stripe .attn {background-color: #D00}.stacktrace {white-space:pre;font-family:monospace}.totop {font-size:85%;text-align:center;border-bottom:2px solid #000}.invisible {display:none}</style>
</head>
<body>
<table>
<tr><th>Test</th><th># Passed</th><th># Skipped</th><th># Retried</th><th># Failed</th><th>Time (ms)</th><th>Included Groups</th><th>Excluded Groups</th></tr>
<tr><th colspan="8">Suite</th></tr>
<tr><td><a href="#t0">Test</a></td><td class="num">1</td><td class="num attn">2</td><td class="num">0</td><td class="num">0</td><td class="num">8,416</td><td></td><td></td></tr>
</table>
<table id='summary'><thead><tr><th>Class</th><th>Method</th><th>Start</th><th>Time (ms)</th></tr></thead><tbody><tr><th colspan="4">Suite</th></tr></tbody><tbody id="t0"><tr><th colspan="4">Test &#8212; failed (configuration methods)</th></tr><tr class="failedeven"><td rowspan="1">orangeHRMTest.RecruitmentPageValidation</td><td><a href="#m0">logIn</a></td><td rowspan="1">1656990553460</td><td rowspan="1">1</td></tr><tr><th colspan="4">Test &#8212; skipped (configuration methods)</th></tr><tr class="skippedeven"><td rowspan="1">orangeHRMTest.RecruitmentPageValidation</td><td><a href="#m1">closeBrowser</a></td><td rowspan="1">1656990553648</td><td rowspan="1">0</td></tr><tr><th colspan="4">Test &#8212; skipped</th></tr><tr class="skippedeven"><td rowspan="2">orangeHRMTest.RecruitmentPageValidation</td><td><a href="#m2">addVacancy</a></td><td rowspan="1">1656990553482</td><td rowspan="1">0</td></tr><tr class="skippedeven"><td><a href="#m3">validateRecruitmentPage</a></td><td rowspan="1">1656990553473</td><td rowspan="1">0</td></tr><tr><th colspan="4">Test &#8212; passed</th></tr><tr class="passedeven"><td rowspan="1">orangeHRMTest.AdminValidation</td><td><a href="#m4">validateHomePage</a></td><td rowspan="1">1656990551114</td><td rowspan="1">178</td></tr></tbody>
</table>
<h2>Test</h2><h3 id="m0">orangeHRMTest.RecruitmentPageValidation#logIn</h3><table class="result"><tr><th>Exception</th></tr><tr><td><div class="stacktrace">java.lang.IllegalArgumentException: Input must be set
	at org.openqa.selenium.internal.Require.nonNull(Require.java:59)
	at org.openqa.selenium.support.ui.FluentWait.&lt;init&gt;(FluentWait.java:97)
	at org.openqa.selenium.support.ui.WebDriverWait.&lt;init&gt;(WebDriverWait.java:77)
	at org.openqa.selenium.support.ui.WebDriverWait.&lt;init&gt;(WebDriverWait.java:46)
	at orangeHRM.LogIn.&lt;init&gt;(LogIn.java:33)
	at orangeHRMTest.RecruitmentPageValidation.logIn(RecruitmentPageValidation.java:37)
	at java.base/java.util.ArrayList.forEach(ArrayList.java:1511)
... Removed 25 stack frames</div></td></tr></table><p class="totop"><a href="#summary">back to summary</a></p>
<h3 id="m1">orangeHRMTest.RecruitmentPageValidation#closeBrowser</h3><table class="result"><tr><th class="invisible"/></tr></table><p class="totop"><a href="#summary">back to summary</a></p>
<h3 id="m2">orangeHRMTest.RecruitmentPageValidation#addVacancy</h3><table class="result"><tr><th>Exception</th></tr><tr><td><div class="stacktrace">java.lang.IllegalArgumentException: Input must be set
	at org.openqa.selenium.internal.Require.nonNull(Require.java:59)
	at org.openqa.selenium.support.ui.FluentWait.&lt;init&gt;(FluentWait.java:97)
	at org.openqa.selenium.support.ui.WebDriverWait.&lt;init&gt;(WebDriverWait.java:77)
	at org.openqa.selenium.support.ui.WebDriverWait.&lt;init&gt;(WebDriverWait.java:46)
	at orangeHRM.LogIn.&lt;init&gt;(LogIn.java:33)
	at orangeHRMTest.RecruitmentPageValidation.logIn(RecruitmentPageValidation.java:37)
	at java.base/java.util.ArrayList.forEach(ArrayList.java:1511)
... Removed 25 stack frames</div></td></tr></table><p class="totop"><a href="#summary">back to summary</a></p>
<h3 id="m3">orangeHRMTest.RecruitmentPageValidation#validateRecruitmentPage</h3><table class="result"><tr><th>Exception</th></tr><tr><td><div class="stacktrace">java.lang.IllegalArgumentException: Input must be set
	at org.openqa.selenium.internal.Require.nonNull(Require.java:59)
	at org.openqa.selenium.support.ui.FluentWait.&lt;init&gt;(FluentWait.java:97)
	at org.openqa.selenium.support.ui.WebDriverWait.&lt;init&gt;(WebDriverWait.java:77)
	at org.openqa.selenium.support.ui.WebDriverWait.&lt;init&gt;(WebDriverWait.java:46)
	at orangeHRM.LogIn.&lt;init&gt;(LogIn.java:33)
	at orangeHRMTest.RecruitmentPageValidation.logIn(RecruitmentPageValidation.java:37)
	at java.base/java.util.ArrayList.forEach(ArrayList.java:1511)
... Removed 25 stack frames</div></td></tr></table><p class="totop"><a href="#summary">back to summary</a></p>
<h3 id="m4">orangeHRMTest.AdminValidation#validateHomePage</h3><table class="result"><tr><th class="invisible"/></tr></table><p class="totop"><a href="#summary">back to summary</a></p>
</body>
</html>
